<?xml version="1.0" encoding="UTF-8"?>
<!-- Generated by org.testng.reporters.JUnitReportReporter -->
<testsuite hostname="LAPTOP-LIAKTO4M" failures="0" tests="1" name="com.mindtree.runner.BigSmallApplication" time="23.655" errors="0" timestamp="22 Nov 2021 10:12:28 GMT">
  <testcase classname="com.mindtree.runner.BigSmallApplication" name="PersonalizedGifts" time="23.655"/>
</testsuite> <!-- com.mindtree.runner.BigSmallApplication -->
